<?xml version="1.0" encoding="UTF-8"?>
<testsuite xmlns:xsi="http://www.w3.org/2001/XMLSchema-instance" xsi:noNamespaceSchemaLocation="https://maven.apache.org/surefire/maven-surefire-plugin/xsd/surefire-test-report-3.0.xsd" version="3.0" name="org.pqca.scanning.JavaScannerServiceTest" time="1.76" tests="1" errors="0" skipped="0" failures="0">
  <properties>
[...]
</properties>
  <testcase name="test" classname="org.pqca.scanning.JavaScannerServiceTest" time="1.759">
    <system-err><![CDATA[[main] INFO org.pqca.indexing.IndexingService - Indexing projects ...
[main] INFO org.pqca.indexing.IndexingService - Found project module 'crypto/default' [13 .javafiles]
[main] INFO org.pqca.indexing.IndexingService - Found project module 'services' [18 .javafiles]
[main] INFO org.pqca.scanning.ScannerService - Start scanning 2 java projects
[main] INFO org.pqca.scanning.ScannerService - Scanning java project crypto/default (1/2)
[main] INFO org.sonar.java.JavaFrontend - Server-side caching is not enabled. The Java analyzer will not try to leverage data from a previous analysis.
[main] INFO org.sonar.java.JavaFrontend - Using ECJ batch to parse 13 Main java source files with batch size 8388608 KB.
[main] INFO org.sonar.java.ProgressMonitor - Starting batch processing.
[main] INFO org.sonar.java.SonarComponents - The Java analyzer cannot skip unchanged files in this context. A full analysis is performed for all files.
[main] INFO com.ibm.output.IAggregator - Detected (KeyWrap) AES
[main] INFO com.ibm.output.IAggregator - Detected (KeyWrap) AES
[main] INFO com.ibm.output.IAggregator - Detected (Key) EC
[main] INFO com.ibm.output.IAggregator - Detected (KeyDerivationFunction) ConcatenationKDF
[main] INFO com.ibm.output.IAggregator - Detected (PublicKey) EC
[main] INFO com.ibm.output.IAggregator - Detected (KeyAgreement) ECDH
[main] INFO com.ibm.output.IAggregator - Detected (PublicKey) EC
[main] INFO com.ibm.output.IAggregator - Detected (KeyWrap) AES
[main] INFO com.ibm.output.IAggregator - Detected (KeyWrap) AES
[main] INFO org.sonar.java.ProgressMonitor - 100% analyzed
[main] INFO org.sonar.java.ProgressMonitor - Batch processing: Done.
[main] INFO org.sonar.java.model.VisitorsBridge - Did not optimize analysis for any files, performed a full analysis for all 13 files.
[main] WARN org.sonar.java.SonarComponents - Unresolved imports/types have been detected during analysis. Enable DEBUG mode to see them.
[main] WARN org.sonar.java.SonarComponents - Use of preview features have been detected during analysis. Enable DEBUG mode to see them.
[main] INFO org.sonar.java.JavaFrontend - No "Test" source files to scan.
[main] INFO org.sonar.java.JavaFrontend - No "Generated" source files to scan.
[main] INFO org.pqca.scanning.ScannerService - Scanning java project services (2/2)
[main] INFO org.sonar.java.JavaFrontend - Server-side caching is not enabled. The Java analyzer will not try to leverage data from a previous analysis.
[main] INFO org.sonar.java.JavaFrontend - Using ECJ batch to parse 18 Main java source files with batch size 8388608 KB.
[main] INFO org.sonar.java.ProgressMonitor - Starting batch processing.
[main] INFO com.ibm.output.IAggregator - Detected (TLS) TLS
[main] INFO com.ibm.output.IAggregator - Detected (TLS) TLS
[main] INFO org.sonar.java.ProgressMonitor - 100% analyzed
[main] INFO org.sonar.java.ProgressMonitor - Batch processing: Done.
[main] INFO org.sonar.java.model.VisitorsBridge - Did not optimize analysis for any files, performed a full analysis for all 31 files.
[main] WARN org.sonar.java.SonarComponents - Unresolved imports/types have been detected during analysis. Enable DEBUG mode to see them.
[main] WARN org.sonar.java.SonarComponents - Use of preview features have been detected during analysis. Enable DEBUG mode to see them.
[main] INFO org.sonar.java.JavaFrontend - No "Test" source files to scan.
[main] INFO org.sonar.java.JavaFrontend - No "Generated" source files to scan.
[main] INFO org.pqca.scanning.ScannerService - Scanned 2 java projects
]]></system-err>
  </testcase>
</testsuite>